<?xml version="1.0" encoding="UTF-8"?>
<!-- Generated by org.testng.reporters.JUnitXMLReporter -->
<testsuite ignored="0" hostname="DESKTOP-I0JSKAF" failures="1" tests="2" name="SeleniumProjectWithOutMaven" time="0.075" errors="0" timestamp="2020-04-28T18:11:17 EDT">
  <testcase classname="testBase.listener.ListenerTest" name="method01" time="0.013"/>
  <testcase classname="testBase.listener.ListenerTest" name="method02" time="0.002">
    <failure type="java.lang.AssertionError" message="expected [B] but found [A]">
      <![CDATA[java.lang.AssertionError: expected [B] but found [A]
at testBase.listener.ListenerTest.method02(ListenerTest.java:21)
at java.base/java.util.ArrayList.forEach(ArrayList.java:1510)
at com.intellij.rt.testng.IDEARemoteTestNG.run(IDEARemoteTestNG.java:66)
at com.intellij.rt.testng.RemoteTestNGStarter.main(RemoteTestNGStarter.java:110)
... Removed 29 stack frames]]>
    </failure>
  </testcase> <!-- method02 -->
</testsuite> <!-- SeleniumProjectWithOutMaven -->
